Start testing: Oct 20 15:29 CEST
----------------------------------------------------------
1/2 Testing: server_request
1/2 Test: server_request
Command: "/home/azas/Projects/VPN/VPNServerManager/bin/server_request_test"
Directory: /home/azas/Projects/VPN/VPNServerManager
"server_request" start time: Oct 20 15:29 CEST
Output:
----------------------------------------------------------
Running 1 test case...

*** No errors detected
<end of output>
Test time =   0.11 sec
----------------------------------------------------------
Test Passed.
"server_request" end time: Oct 20 15:29 CEST
"server_request" time elapsed: 00:00:00
----------------------------------------------------------

2/2 Testing: ansible_test
2/2 Test: ansible_test
Command: "/home/azas/Projects/VPN/VPNServerManager/bin/ansible_test"
Directory: /home/azas/Projects/VPN/VPNServerManager
"ansible_test" start time: Oct 20 15:29 CEST
Output:
----------------------------------------------------------
Running 1 test case...

*** No errors detected
<end of output>
Test time =   2.45 sec
----------------------------------------------------------
Test Passed.
"ansible_test" end time: Oct 20 15:29 CEST
"ansible_test" time elapsed: 00:00:02
----------------------------------------------------------

End testing: Oct 20 15:29 CEST
